app/build/intermediates/manifest_merge_blame_file/release/manifest-merger-blame-release-report.txt
1<?xml version="1.0" encoding="utf-8"?>
2<!--
3Copyright 2010-2019 by David A. Parker <parker.david.a@gmail.com>
4
5This file is part of CheckValve, an HLDS/SRCDS query app for Android.
6
7CheckValve is free software: you can redistribute it and/or modify
8it under the terms of the GNU General Public License as published by
9the Free Software Foundation.
10
11CheckValve is distributed in the hope that it will be useful,
12but WITHOUT ANY WARRANTY; without even the implied warranty of
13MERCHANTABILITY or FITNESS FOR A PARTICULAR PURPOSE.  See the
14GNU General Public License for more details.
15
16You should have received a copy of the GNU General Public License
17along with the CheckValve source code.  If not, see
18<http://www.gnu.org/licenses/>.
19-->
20<manifest xmlns:android="http://schemas.android.com/apk/res/android"
21    package="com.dparker.apps.checkvalve"
22    android:installLocation="auto"
23    android:versionCode="24"
24    android:versionName="2.0.9" >
25
26    <uses-sdk
27        android:minSdkVersion="14"
27-->src/main/AndroidManifest.xml
28        android:targetSdkVersion="28" />
28-->src/main/AndroidManifest.xml
29
30    <uses-permission android:name="android.permission.INTERNET" />
30-->src/main/AndroidManifest.xml:28:5-67
30-->src/main/AndroidManifest.xml:28:22-64
31    <uses-permission android:name="android.permission.ACCESS_NETWORK_STATE" />
31-->src/main/AndroidManifest.xml:29:5-79
31-->src/main/AndroidManifest.xml:29:22-76
32    <uses-permission android:name="android.permission.READ_EXTERNAL_STORAGE" />
32-->src/main/AndroidManifest.xml:30:5-80
32-->src/main/AndroidManifest.xml:30:22-77
33    <uses-permission android:name="android.permission.WRITE_EXTERNAL_STORAGE" />
33-->src/main/AndroidManifest.xml:31:5-81
33-->src/main/AndroidManifest.xml:31:22-78
34    <uses-permission android:name="android.permission.RECEIVE_BOOT_COMPLETED" />
34-->src/main/AndroidManifest.xml:32:5-81
34-->src/main/AndroidManifest.xml:32:22-78
35
36    <application
36-->src/main/AndroidManifest.xml:34:5-134:19
37        android:allowBackup="true"
37-->src/main/AndroidManifest.xml:35:9-35
38        android:appComponentFactory="android.support.v4.app.CoreComponentFactory"
38-->[com.android.support:support-compat:28.0.0] AndroidManifest.xml:22:18-91
39        android:icon="@drawable/icon"
39-->src/main/AndroidManifest.xml:36:9-38
40        android:label="@string/app_name"
40-->src/main/AndroidManifest.xml:37:9-41
41        android:theme="@style/checkvalveTheme" >
41-->src/main/AndroidManifest.xml:38:9-47
42        <activity
42-->src/main/AndroidManifest.xml:39:9-47:20
43            android:name="com.dparker.apps.checkvalve.CheckValve"
43-->src/main/AndroidManifest.xml:40:13-66
44            android:configChanges="orientation|screenSize|keyboard|keyboardHidden"
44-->src/main/AndroidManifest.xml:41:13-83
45            android:label="@string/app_name" >
45-->src/main/AndroidManifest.xml:42:13-45
46            <intent-filter>
46-->src/main/AndroidManifest.xml:43:13-46:29
47                <action android:name="android.intent.action.MAIN" />
47-->src/main/AndroidManifest.xml:44:17-69
47-->src/main/AndroidManifest.xml:44:25-66
48
49                <category android:name="android.intent.category.LAUNCHER" />
49-->src/main/AndroidManifest.xml:45:17-77
49-->src/main/AndroidManifest.xml:45:27-74
50            </intent-filter>
51        </activity>
52        <activity
52-->src/main/AndroidManifest.xml:48:9-52:61
53            android:name="com.dparker.apps.checkvalve.AddServerActivity"
53-->src/main/AndroidManifest.xml:49:13-73
54            class="AddServerActivity"
54-->src/main/AndroidManifest.xml:50:13-38
55            android:configChanges="orientation|screenSize|keyboard|keyboardHidden"
55-->src/main/AndroidManifest.xml:51:13-83
56            android:theme="@style/checkvalveTheme_Dialog" />
56-->src/main/AndroidManifest.xml:52:13-58
57        <activity
57-->src/main/AndroidManifest.xml:53:9-56:86
58            android:name="com.dparker.apps.checkvalve.ManageServersActivity"
58-->src/main/AndroidManifest.xml:54:13-77
59            class="ManageServersActivity"
59-->src/main/AndroidManifest.xml:55:13-42
60            android:configChanges="orientation|screenSize|keyboard|keyboardHidden" />
60-->src/main/AndroidManifest.xml:56:13-83
61        <activity
61-->src/main/AndroidManifest.xml:57:9-61:61
62            android:name="com.dparker.apps.checkvalve.EditServerActivity"
62-->src/main/AndroidManifest.xml:58:13-74
63            class="EditServerActivity"
63-->src/main/AndroidManifest.xml:59:13-39
64            android:configChanges="orientation|screenSize|keyboard|keyboardHidden"
64-->src/main/AndroidManifest.xml:60:13-83
65            android:theme="@style/checkvalveTheme_Dialog" />
65-->src/main/AndroidManifest.xml:61:13-58
66        <activity
66-->src/main/AndroidManifest.xml:62:9-66:61
67            android:name="com.dparker.apps.checkvalve.ShowPlayersActivity"
67-->src/main/AndroidManifest.xml:63:13-75
68            class="ShowPlayersActivity"
68-->src/main/AndroidManifest.xml:64:13-40
69            android:configChanges="orientation|screenSize|keyboard|keyboardHidden"
69-->src/main/AndroidManifest.xml:65:13-83
70            android:theme="@style/checkvalveTheme_Dialog" />
70-->src/main/AndroidManifest.xml:66:13-58
71        <activity
71-->src/main/AndroidManifest.xml:67:9-71:61
72            android:name="com.dparker.apps.checkvalve.PlayerSearchActivity"
72-->src/main/AndroidManifest.xml:68:13-76
73            class="PlayerSearchActivity"
73-->src/main/AndroidManifest.xml:69:13-41
74            android:configChanges="orientation|screenSize|keyboard|keyboardHidden"
74-->src/main/AndroidManifest.xml:70:13-83
75            android:theme="@style/checkvalveTheme_Dialog" />
75-->src/main/AndroidManifest.xml:71:13-58
76        <activity
76-->src/main/AndroidManifest.xml:72:9-75:86
77            android:name="com.dparker.apps.checkvalve.SearchPlayersActivity"
77-->src/main/AndroidManifest.xml:73:13-77
78            class="SearchPlayersActivity"
78-->src/main/AndroidManifest.xml:74:13-42
79            android:configChanges="orientation|screenSize|keyboard|keyboardHidden" />
79-->src/main/AndroidManifest.xml:75:13-83
80        <activity
80-->src/main/AndroidManifest.xml:76:9-79:86
81            android:name="com.dparker.apps.checkvalve.RconActivity"
81-->src/main/AndroidManifest.xml:77:13-68
82            class="RconActivity"
82-->src/main/AndroidManifest.xml:78:13-33
83            android:configChanges="orientation|screenSize|keyboard|keyboardHidden" />
83-->src/main/AndroidManifest.xml:79:13-83
84        <activity
84-->src/main/AndroidManifest.xml:80:9-84:61
85            android:name="com.dparker.apps.checkvalve.RconPasswordActivity"
85-->src/main/AndroidManifest.xml:81:13-76
86            class="RconPasswordActivity"
86-->src/main/AndroidManifest.xml:82:13-41
87            android:configChanges="orientation|screenSize|keyboard|keyboardHidden"
87-->src/main/AndroidManifest.xml:83:13-83
88            android:theme="@style/checkvalveTheme_Dialog" />
88-->src/main/AndroidManifest.xml:84:13-58
89        <activity
89-->src/main/AndroidManifest.xml:85:9-89:61
90            android:name="com.dparker.apps.checkvalve.AboutActivity"
90-->src/main/AndroidManifest.xml:86:13-69
91            class="AboutActivity"
91-->src/main/AndroidManifest.xml:87:13-34
92            android:configChanges="orientation|screenSize|keyboard|keyboardHidden"
92-->src/main/AndroidManifest.xml:88:13-83
93            android:theme="@style/checkvalveTheme_Dialog" />
93-->src/main/AndroidManifest.xml:89:13-58
94        <activity
94-->src/main/AndroidManifest.xml:90:9-93:86
95            android:name="com.dparker.apps.checkvalve.ChatViewerActivity"
95-->src/main/AndroidManifest.xml:91:13-74
96            class="ChatActivity"
96-->src/main/AndroidManifest.xml:92:13-33
97            android:configChanges="orientation|screenSize|keyboard|keyboardHidden" />
97-->src/main/AndroidManifest.xml:93:13-83
98        <activity
98-->src/main/AndroidManifest.xml:94:9-98:61
99            android:name="com.dparker.apps.checkvalve.ChatRelayDetailsActivity"
99-->src/main/AndroidManifest.xml:95:13-80
100            class="ChatRelayDetailsActivity"
100-->src/main/AndroidManifest.xml:96:13-45
101            android:configChanges="orientation|screenSize|keyboard|keyboardHidden"
101-->src/main/AndroidManifest.xml:97:13-83
102            android:theme="@style/checkvalveTheme_Dialog" />
102-->src/main/AndroidManifest.xml:98:13-58
103        <activity
103-->src/main/AndroidManifest.xml:99:9-102:86
104            android:name="com.dparker.apps.checkvalve.SettingsActivity"
104-->src/main/AndroidManifest.xml:100:13-72
105            class="SettingsActivity"
105-->src/main/AndroidManifest.xml:101:13-37
106            android:configChanges="orientation|screenSize|keyboard|keyboardHidden" />
106-->src/main/AndroidManifest.xml:102:13-83
107        <activity
107-->src/main/AndroidManifest.xml:103:9-107:61
108            android:name="com.dparker.apps.checkvalve.ShowNoteActivity"
108-->src/main/AndroidManifest.xml:104:13-72
109            class="ShowNoteActivity"
109-->src/main/AndroidManifest.xml:105:13-37
110            android:configChanges="orientation|screenSize|keyboard|keyboardHidden"
110-->src/main/AndroidManifest.xml:106:13-83
111            android:theme="@style/checkvalveTheme_Dialog" />
111-->src/main/AndroidManifest.xml:107:13-58
112        <activity
112-->src/main/AndroidManifest.xml:108:9-111:86
113            android:name="com.dparker.apps.checkvalve.DebugConsoleActivity"
113-->src/main/AndroidManifest.xml:109:13-76
114            class="DebugConsoleActivity"
114-->src/main/AndroidManifest.xml:110:13-41
115            android:configChanges="orientation|screenSize|keyboard|keyboardHidden" />
115-->src/main/AndroidManifest.xml:111:13-83
116        <activity
116-->src/main/AndroidManifest.xml:112:9-115:86
117            android:name="com.dparker.apps.checkvalve.CreateBackupActivity"
117-->src/main/AndroidManifest.xml:113:13-76
118            class="CreateBackupActivity"
118-->src/main/AndroidManifest.xml:114:13-41
119            android:configChanges="orientation|screenSize|keyboard|keyboardHidden" />
119-->src/main/AndroidManifest.xml:115:13-83
120        <activity
120-->src/main/AndroidManifest.xml:116:9-119:86
121            android:name="com.dparker.apps.checkvalve.RestoreBackupActivity"
121-->src/main/AndroidManifest.xml:117:13-77
122            class="RestoreBackupActivity"
122-->src/main/AndroidManifest.xml:118:13-42
123            android:configChanges="orientation|screenSize|keyboard|keyboardHidden" />
123-->src/main/AndroidManifest.xml:119:13-83
124        <activity
124-->src/main/AndroidManifest.xml:120:9-123:86
125            android:name="com.dparker.apps.checkvalve.backup.FileChooserActivity"
125-->src/main/AndroidManifest.xml:121:13-82
126            class="FileChooserActivity"
126-->src/main/AndroidManifest.xml:122:13-40
127            android:configChanges="orientation|screenSize|keyboard|keyboardHidden" />
127-->src/main/AndroidManifest.xml:123:13-83
128
129        <receiver android:name="com.dparker.apps.checkvalve.BootCompletedReceiver" >
129-->src/main/AndroidManifest.xml:125:9-129:20
129-->src/main/AndroidManifest.xml:125:19-83
130            <intent-filter>
130-->src/main/AndroidManifest.xml:126:13-128:29
131                <action android:name="android.intent.action.BOOT_COMPLETED" />
131-->src/main/AndroidManifest.xml:127:17-79
131-->src/main/AndroidManifest.xml:127:25-76
132            </intent-filter>
133        </receiver>
134
135        <service
135-->src/main/AndroidManifest.xml:131:9-133:40
136            android:name="com.dparker.apps.checkvalve.BackgroundQueryService"
136-->src/main/AndroidManifest.xml:132:13-78
137            android:exported="false" />
137-->src/main/AndroidManifest.xml:133:13-37
138    </application>
139
140</manifest>